[debug] [2021-06-21T08:23:39.439Z] ----------------------------------------------------------------------
[debug] [2021-06-21T08:23:39.442Z] Command:       /usr/bin/node /usr/bin/firebase init
[debug] [2021-06-21T08:23:39.442Z] CLI Version:   9.6.0
[debug] [2021-06-21T08:23:39.443Z] Platform:      linux
[debug] [2021-06-21T08:23:39.443Z] Node Version:  v14.16.1
[debug] [2021-06-21T08:23:39.449Z] Time:          Mon Jun 21 2021 16:23:39 GMT+0800 (Philippine Standard Time)
[debug] [2021-06-21T08:23:39.449Z] ----------------------------------------------------------------------
[debug] [2021-06-21T08:23:39.450Z] 
[debug] [2021-06-21T08:23:39.464Z] > command requires scopes: ["email","openid","https://www.googleapis.com/auth/cloudplatformprojects.readonly","https://www.googleapis.com/auth/firebase","https://www.googleapis.com/auth/cloud-platform"]
[debug] [2021-06-21T08:23:39.465Z] > authorizing via signed-in user
[info] 
     ######## #### ########  ######## ########     ###     ######  ########
     ##        ##  ##     ## ##       ##     ##  ##   ##  ##       ##
     ######    ##  ########  ######   ########  #########  ######  ######
     ##        ##  ##    ##  ##       ##     ## ##     ##       ## ##
     ##       #### ##     ## ######## ########  ##     ##  ######  ########

You're about to initialize a Firebase project in this directory:

  /home/no1ne/peganad-app-new

Before we get started, keep in mind:

  * You are initializing in an existing Firebase project directory

[info] 
=== Project Setup
[info] 
[info] First, let's associate this project directory with a Firebase project.
[info] You can create multiple project aliases by running firebase use --add, 
[info] but for now we'll just set up a default project.
[info] 
[info] i  .firebaserc already has a default project, using meranaw-learning-app. 
[debug] [2021-06-21T08:23:51.038Z] > refreshing access token with scopes: []
[debug] [2021-06-21T08:23:51.039Z] >>> HTTP REQUEST POST https://www.googleapis.com/oauth2/v3/token  
 <request body omitted>
[debug] [2021-06-21T08:23:54.096Z] <<< HTTP RESPONSE 200 {"cache-control":"no-cache, no-store, max-age=0, must-revalidate","pragma":"no-cache","expires":"Mon, 01 Jan 1990 00:00:00 GMT","date":"Mon, 21 Jun 2021 08:23:54 GMT","content-type":"application/json; charset=utf-8","vary":"X-Origin, Referer, Origin,Accept-Encoding","server":"scaffolding on HTTPServer2","x-xss-protection":"0","x-frame-options":"SAMEORIGIN","x-content-type-options":"nosniff","alt-svc":"h3=\":443\"; ma=2592000,h3-29=\":443\"; ma=2592000,h3-T051=\":443\"; ma=2592000,h3-Q050=\":443\"; ma=2592000,h3-Q046=\":443\"; ma=2592000,h3-Q043=\":443\"; ma=2592000,quic=\":443\"; ma=2592000; v=\"46,43\"","accept-ranges":"none","transfer-encoding":"chunked"}
[debug] [2021-06-21T08:23:54.108Z] >>> [apiv2][query] GET https://firebase.googleapis.com/v1beta1/projects/meranaw-learning-app [none]
[debug] [2021-06-21T08:23:55.377Z] <<< [apiv2][status] GET https://firebase.googleapis.com/v1beta1/projects/meranaw-learning-app 200
[debug] [2021-06-21T08:23:55.377Z] <<< [apiv2][body] GET https://firebase.googleapis.com/v1beta1/projects/meranaw-learning-app {"projectId":"meranaw-learning-app","projectNumber":"939161297569","displayName":"meranaw-learning-app","name":"projects/meranaw-learning-app","resources":{"hostingSite":"meranaw-learning-app","realtimeDatabaseInstance":"meranaw-learning-app-default-rtdb","storageBucket":"meranaw-learning-app.appspot.com","locationId":"us-central"},"state":"ACTIVE"}
[info] 
=== Emulators Setup
[info] i  firestore: downloading cloud-firestore-emulator-v1.11.12.jar... {"metadata":{"emulator":{"name":"firestore"},"message":"downloading cloud-firestore-emulator-v1.11.12.jar..."}}
[debug] [2021-06-21T08:24:33.972Z] >>> [apiv2][query] GET https://storage.googleapis.com/firebase-preview-drop/emulator/cloud-firestore-emulator-v1.11.12.jar [none]
[debug] [2021-06-21T08:24:40.508Z] <<< [apiv2][status] GET https://storage.googleapis.com/firebase-preview-drop/emulator/cloud-firestore-emulator-v1.11.12.jar 200
[debug] [2021-06-21T08:24:40.509Z] <<< [apiv2][body] GET https://storage.googleapis.com/firebase-preview-drop/emulator/cloud-firestore-emulator-v1.11.12.jar [stream]
